\BOOKMARK [1][-]{section.1}{Introduction}{}% 1
\BOOKMARK [2][-]{subsection.1.1}{Motivation}{section.1}% 2
\BOOKMARK [2][-]{subsection.1.2}{Goal}{section.1}% 3
\BOOKMARK [1][-]{section.2}{Background}{}% 4
\BOOKMARK [2][-]{subsection.2.1}{Domain}{section.2}% 5
\BOOKMARK [2][-]{subsection.2.2}{Task}{section.2}% 6
\BOOKMARK [2][-]{subsection.2.3}{Toolkit}{section.2}% 7
\BOOKMARK [1][-]{section.3}{Related Work}{}% 8
\BOOKMARK [1][-]{section.4}{Approach}{}% 9
\BOOKMARK [2][-]{subsection.4.1}{Architecture}{section.4}% 10
\BOOKMARK [2][-]{subsection.4.2}{Objective}{section.4}% 11
\BOOKMARK [2][-]{subsection.4.3}{Augmentation}{section.4}% 12
\BOOKMARK [1][-]{section.5}{Implementation}{}% 13
\BOOKMARK [2][-]{subsection.5.1}{Initialization}{section.5}% 14
\BOOKMARK [2][-]{subsection.5.2}{Training}{section.5}% 15
\BOOKMARK [1][-]{section.6}{Results}{}% 16
\BOOKMARK [2][-]{subsection.6.1}{Eye test}{section.6}% 17
\BOOKMARK [2][-]{subsection.6.2}{Under the hood}{section.6}% 18
\BOOKMARK [2][-]{subsection.6.3}{Head-to-head}{section.6}% 19
\BOOKMARK [1][-]{section.7}{Conclusion}{}% 20
\BOOKMARK [2][-]{subsection.7.1}{ Limitations}{section.7}% 21
